SF:lib/src/builders/common/op.dart
DA:5,1
DA:7,1
DA:9,3
DA:10,2
DA:13,1
DA:17,3
DA:18,2
LF:7
LH:7
end_of_record
SF:lib/src/builders/select.dart
DA:18,1
DA:23,1
DA:24,2
DA:25,4
DA:26,2
DA:29,0
DA:30,0
DA:31,0
DA:47,1
DA:52,2
DA:53,4
DA:54,4
DA:69,1
DA:75,2
DA:76,4
DA:77,2
DA:78,2
DA:79,4
DA:80,4
DA:81,2
DA:82,4
DA:83,4
DA:86,4
DA:98,1
DA:103,0
DA:106,0
DA:107,0
DA:119,0
DA:124,0
DA:127,0
DA:128,0
DA:140,0
DA:145,1
DA:148,3
DA:149,2
DA:155,1
DA:160,1
DA:163,3
DA:164,2
DA:170,1
DA:175,1
DA:178,4
DA:179,2
DA:185,1
DA:190,1
DA:193,3
DA:194,2
DA:199,1
DA:204,1
DA:205,2
DA:206,2
LF:51
LH:40
end_of_record
SF:lib/src/core/query_builder.dart
DA:5,1
DA:11,1
DA:16,5
DA:17,15
LF:4
LH:4
end_of_record
SF:lib/src/builders/common/logical_op.dart
DA:6,1
DA:8,1
DA:9,2
DA:10,2
DA:13,1
DA:14,2
DA:15,2
DA:18,3
LF:8
LH:8
end_of_record
SF:lib/src/surrealdb_query_builder.dart
DA:5,3
DA:7,1
DA:13,1
DA:14,2
DA:16,1
DA:17,2
DA:18,1
DA:19,1
DA:20,1
DA:21,1
DA:25,1
DA:30,1
DA:31,3
DA:33,0
DA:34,0
LF:15
LH:13
end_of_record
SF:lib/src/core/constants/models.dart
DA:4,1
LF:1
LH:1
end_of_record
SF:lib/src/utils/constructor_utils.dart
DA:3,1
DA:4,2
DA:5,1
DA:7,0
LF:4
LH:3
end_of_record
SF:lib/src/utils/list_utils.dart
DA:2,1
DA:3,7
LF:2
LH:2
end_of_record
